<?xml version="1.0" encoding="UTF-8"?>
<!-- Generated by org.testng.reporters.JUnitReportReporter -->
<testsuite hostname="Tushar039s-MacBook-Pro.local" failures="0" tests="6" name="RestAssuredClassTest" time="4.110" errors="0" timestamp="2022-07-05T18:34:09 IST" skipped="0">
  <testcase classname="RestAssuredClassTest" name="getResponseBody" time="0.202"/>
  <system-out/>
  <testcase classname="RestAssuredClassTest" name="ProcessResponsePOJOPost" time="0.870"/>
  <system-out/>
  <testcase classname="RestAssuredClassTest" name="validatePUT" time="0.811"/>
  <system-out/>
  <testcase classname="RestAssuredClassTest" name="ValidatePOJOPost" time="0.596"/>
  <system-out/>
  <testcase classname="RestAssuredClassTest" name="ProcessAssert" time="1.018"/>
  <system-out/>
  <testcase classname="RestAssuredClassTest" name="validatePost" time="0.613"/>
  <system-out/>
</testsuite> <!-- RestAssuredClassTest -->
